Using pre-set license
Built from '2020.2/release' branch; Version is '2020.2.2f1 (068178b99f32) revision 426360'; Using compiler version '192528614'; Build Type 'Release'
OS: 'Windows 10 Pro; OS build 19042.685; Version 2009; 64bit' Language: 'ru' Physical Memory: 8073 MB
BatchMode: 1, IsHumanControllingUs: 0, StartBugReporterOnCrash: 0, Is64bit: 1, IsPro: 0

 COMMAND LINE ARGUMENTS:
D:\Unity\2020.2.2f1\Editor\Unity.exe
-adb2
-batchMode
-noUpm
-name
AssetImportWorker0
-projectPath
D:/Unity Projects/Platformer Game
-logFile
Logs/AssetImportWorker0.log
-srvPort
61577
Successfully changed project path to: D:/Unity Projects/Platformer Game
D:/Unity Projects/Platformer Game
Using Asset Import Pipeline V2.
Refreshing native plugins compatible for Editor in 56.36 ms, found 0 plugins.
Preloading 0 native plugins for Editor in 0.00 ms.
Initialize engine version: 2020.2.2f1 (068178b99f32)
[Subsystems] Discovering subsystems at path D:/Unity/2020.2.2f1/Editor/Data/Resources/UnitySubsystems
[Subsystems] Discovering subsystems at path D:/Unity Projects/Platformer Game/Assets
GfxDevice: creating device client; threaded=0
Direct3D:
    Version:  Direct3D 11.0 [level 11.0]
    Renderer: NVIDIA GeForce 920MX (ID=0x134f)
    Vendor:   
    VRAM:     2010 MB
    Driver:   25.21.14.2531
Initialize mono
Mono path[0] = 'D:/Unity/2020.2.2f1/Editor/Data/Managed'
Mono path[1] = 'D:/Unity/2020.2.2f1/Editor/Data/MonoBleedingEdge/lib/mono/unityjit'
Mono config path = 'D:/Unity/2020.2.2f1/Editor/Data/MonoBleedingEdge/etc'
Using monoOptions --debugger-agent=transport=dt_socket,embedding=1,server=y,suspend=n,address=127.0.0.1:56664
Begin MonoManager ReloadAssembly
Registering precompiled unity dll's ...
Register platform support module: D:/Unity/2020.2.2f1/Editor/Data/PlaybackEngines/WindowsStandaloneSupport/UnityEditor.WindowsStandalone.Extensions.dll
Registered in 0.004008 seconds.
Native extension for WindowsStandalone target not found
Refreshing native plugins compatible for Editor in 57.47 ms, found 0 plugins.
Preloading 0 native plugins for Editor in 0.00 ms.
Invoked RoslynAnalysisRunner static constructor.
RoslynAnalysisRunner will not be running.
RoslynAnalysisRunner has terminated.
Mono: successfully reloaded assembly
- Completed reload, in  3.382 seconds
Platform modules already initialized, skipping
Registering precompiled user dll's ...
Registered in 0.000675 seconds.
Begin MonoManager ReloadAssembly
Native extension for WindowsStandalone target not found
Refreshing native plugins compatible for Editor in 0.39 ms, found 0 plugins.
Preloading 0 native plugins for Editor in 0.00 ms.
Invoked RoslynAnalysisRunner static constructor.
RoslynAnalysisRunner will not be running.
RoslynAnalysisRunner has terminated.
Mono: successfully reloaded assembly
- Completed reload, in  1.719 seconds
Platform modules already initialized, skipping
========================================================================
Worker process is ready to serve import requests
Launched and connected shader compiler UnityShaderCompiler.exe after 0.06 seconds
Refreshing native plugins compatible for Editor in 0.49 ms, found 0 plugins.
Preloading 0 native plugins for Editor in 0.00 ms.
Unloading 1378 Unused Serialized files (Serialized files now loaded: 0)
System memory in use before: 64.1 MB.
System memory in use after: 64.2 MB.

Unloading 13 unused Assets to reduce memory usage. Loaded Objects now: 1823.
Total: 4.954900 ms (FindLiveObjects: 1.179000 ms CreateObjectMapping: 0.182000 ms MarkObjects: 3.484100 ms  DeleteObjects: 0.107200 ms)

========================================================================
Received Import Request.
  path: Assets/Scripts/Audio
  artifactKey: Guid(28280991d01d475439b70ccf3a680a60) Importer(815301076,1909f56bfc062723c751e8b465ee728b)
Start importing Assets/Scripts/Audio using Guid(28280991d01d475439b70ccf3a680a60) Importer(815301076,1909f56bfc062723c751e8b465ee728b)  -> (artifact id: '9b5005ed28cc39152c8f3b0d600fc391') in 0.009374 seconds
  Import took 0.013998 seconds .

========================================================================
Received Import Request.
  Time since last request: 0.000484 seconds.
  path: Assets/Scripts
  artifactKey: Guid(fe6ded2a4dd44be4283ef2f534b33091) Importer(815301076,1909f56bfc062723c751e8b465ee728b)
Start importing Assets/Scripts using Guid(fe6ded2a4dd44be4283ef2f534b33091) Importer(815301076,1909f56bfc062723c751e8b465ee728b)  -> (artifact id: '81d99d2734f05971d28545ee983948aa') in 0.005096 seconds
  Import took 0.010203 seconds .

========================================================================
Received Import Request.
  Time since last request: 0.000324 seconds.
  path: Assets/Scripts/Camera
  artifactKey: Guid(8bdb3feb7f8b6d14aa011a36de7624b7) Importer(815301076,1909f56bfc062723c751e8b465ee728b)
Start importing Assets/Scripts/Camera using Guid(8bdb3feb7f8b6d14aa011a36de7624b7) Importer(815301076,1909f56bfc062723c751e8b465ee728b)  -> (artifact id: 'ff6878f5e3cb05416185d015cb9240d7') in 0.005721 seconds
  Import took 0.012395 seconds .

========================================================================
Received Import Request.
  Time since last request: 0.000429 seconds.
  path: Assets/Scripts/Player
  artifactKey: Guid(b6d9f7668276c2947905e839bcd468b8) Importer(815301076,1909f56bfc062723c751e8b465ee728b)
Start importing Assets/Scripts/Player using Guid(b6d9f7668276c2947905e839bcd468b8) Importer(815301076,1909f56bfc062723c751e8b465ee728b)  -> (artifact id: '7a985d2f09035a2426890aa45a9d53c8') in 0.005881 seconds
  Import took 0.013333 seconds .

========================================================================
Received Import Request.
  Time since last request: 14.211719 seconds.
  path: Assets/Scripts/Player/Player.cs
  artifactKey: Guid(c5588f369da81f24c8c6a1b6d76ac538) Importer(815301076,1909f56bfc062723c751e8b465ee728b)
Start importing Assets/Scripts/Player/Player.cs using Guid(c5588f369da81f24c8c6a1b6d76ac538) Importer(815301076,1909f56bfc062723c751e8b465ee728b)  -> (artifact id: '05d801b14a8bff3f61937a192c49d991') in 0.044015 seconds
  Import took 0.048191 seconds .

========================================================================
Received Import Request.
  Time since last request: 0.024188 seconds.
  path: Assets/Scripts/Player/Player.cs
  artifactKey: Guid(c5588f369da81f24c8c6a1b6d76ac538) Importer(815301076,1909f56bfc062723c751e8b465ee728b)
Start importing Assets/Scripts/Player/Player.cs using Guid(c5588f369da81f24c8c6a1b6d76ac538) Importer(815301076,1909f56bfc062723c751e8b465ee728b)  -> (artifact id: '05d801b14a8bff3f61937a192c49d991') in 0.002998 seconds
  Import took 0.007958 seconds .

========================================================================
Received Import Request.
  Time since last request: 123.054146 seconds.
  path: Assets/Scenes/Menu.unity
  artifactKey: Guid(7736adbe74f602343b79552ea3ebe185) Importer(815301076,1909f56bfc062723c751e8b465ee728b)
Start importing Assets/Scenes/Menu.unity using Guid(7736adbe74f602343b79552ea3ebe185) Importer(815301076,1909f56bfc062723c751e8b465ee728b)  -> (artifact id: '3764ab00744eab0a1af97ddf2901000f') in 0.030709 seconds
  Import took 0.040789 seconds .

========================================================================
Received Prepare
Registering precompiled user dll's ...
Registered in 0.001148 seconds.
Begin MonoManager ReloadAssembly
Native extension for WindowsStandalone target not found
Refreshing native plugins compatible for Editor in 0.63 ms, found 0 plugins.
Preloading 0 native plugins for Editor in 0.00 ms.
Invoked RoslynAnalysisRunner static constructor.
RoslynAnalysisRunner will not be running.
RoslynAnalysisRunner has terminated.
Mono: successfully reloaded assembly
- Completed reload, in  1.998 seconds
Platform modules already initialized, skipping
Refreshing native plugins compatible for Editor in 0.49 ms, found 0 plugins.
Preloading 0 native plugins for Editor in 0.00 ms.
Unloading 1372 Unused Serialized files (Serialized files now loaded: 0)
System memory in use before: 64.1 MB.
System memory in use after: 64.2 MB.

Unloading 4 unused Assets to reduce memory usage. Loaded Objects now: 1825.
Total: 3.607000 ms (FindLiveObjects: 0.325800 ms CreateObjectMapping: 0.143900 ms MarkObjects: 3.105700 ms  DeleteObjects: 0.028500 ms)

========================================================================
Received Prepare
Registering precompiled user dll's ...
Registered in 0.000929 seconds.
Begin MonoManager ReloadAssembly
Native extension for WindowsStandalone target not found
Refreshing native plugins compatible for Editor in 0.33 ms, found 0 plugins.
Preloading 0 native plugins for Editor in 0.00 ms.
Invoked RoslynAnalysisRunner static constructor.
RoslynAnalysisRunner will not be running.
RoslynAnalysisRunner has terminated.
Mono: successfully reloaded assembly
- Completed reload, in  1.408 seconds
Platform modules already initialized, skipping
Refreshing native plugins compatible for Editor in 0.31 ms, found 0 plugins.
Preloading 0 native plugins for Editor in 0.00 ms.
Unloading 1372 Unused Serialized files (Serialized files now loaded: 0)
System memory in use before: 64.2 MB.
System memory in use after: 64.3 MB.

Unloading 4 unused Assets to reduce memory usage. Loaded Objects now: 1827.
Total: 2.908300 ms (FindLiveObjects: 0.379700 ms CreateObjectMapping: 0.159900 ms MarkObjects: 2.340100 ms  DeleteObjects: 0.025600 ms)

AssetImportWorkerClient::OnTransportError - code=2 error=End of file
